<?xml version="1.0" encoding="UTF-8"?>
<!-- Generated by org.testng.reporters.JUnitXMLReporter -->
<testsuite ignored="1" hostname="DESKTOP-6NURCCG" failures="0" tests="1" name="Ohrm" time="11.246" errors="0" timestamp="2022-12-07T10:27:29 EST">
  <testcase classname="com.ohrm.login.LoginPageTest" name="positiveScenarioExecution" time="3.793"/>
  <testcase classname="com.ohrm.login.LoginPageTest" name="negativeLoginScenarioExecution" time="0.0">
    <ignored/>
  </testcase> <!-- negativeLoginScenarioExecution -->
</testsuite> <!-- Ohrm -->
