<?xml version="1.0" encoding="UTF-8"?>
<testng-results ignored="1" total="2" passed="1" failed="0" skipped="0">
  <reporter-output>
  </reporter-output>
  <suite started-at="2022-12-07T10:27:17 EST" name="smoke" finished-at="2022-12-07T10:27:29 EST" duration-ms="11246">
    <groups>
      <group name="regression">
        <method signature="LoginPageTest.positiveScenarioExecution()[pri:0, instance:com.ohrm.login.LoginPageTest@493ac8d3]" name="positiveScenarioExecution" class="com.ohrm.login.LoginPageTest"/>
      </group> <!-- regression -->
      <group name="smoke">
        <method signature="LoginPageTest.positiveScenarioExecution()[pri:0, instance:com.ohrm.login.LoginPageTest@493ac8d3]" name="positiveScenarioExecution" class="com.ohrm.login.LoginPageTest"/>
      </group> <!-- smoke -->
    </groups>
    <test started-at="2022-12-07T10:27:17 EST" name="Ohrm" finished-at="2022-12-07T10:27:29 EST" duration-ms="11246">
      <class name="com.ohrm.login.LoginPageTest">
        <test-method is-config="true" signature="beforeMethod()[pri:0, instance:com.ohrm.login.LoginPageTest@493ac8d3]" started-at="2022-12-07T10:27:17 EST" name="beforeMethod" finished-at="2022-12-07T10:27:25 EST" duration-ms="7241" status="PASS">
          <reporter-output>
          </reporter-output>
        </test-method> <!-- beforeMethod -->
        <test-method signature="positiveScenarioExecution()[pri:0, instance:com.ohrm.login.LoginPageTest@493ac8d3]" started-at="2022-12-07T10:27:25 EST" name="positiveScenarioExecution" finished-at="2022-12-07T10:27:28 EST" duration-ms="3793" status="PASS">
          <reporter-output>
          </reporter-output>
        </test-method> <!-- positiveScenarioExecution -->
        <test-method is-config="true" signature="afterMethod()[pri:0, instance:com.ohrm.login.LoginPageTest@493ac8d3]" started-at="2022-12-07T10:27:28 EST" name="afterMethod" finished-at="2022-12-07T10:27:29 EST" duration-ms="174" status="PASS">
          <reporter-output>
          </reporter-output>
        </test-method> <!-- afterMethod -->
      </class> <!-- com.ohrm.login.LoginPageTest -->
    </test> <!-- Ohrm -->
  </suite> <!-- smoke -->
</testng-results>
